[debug] [2023-05-30T15:06:39.428Z] ----------------------------------------------------------------------
[debug] [2023-05-30T15:06:39.432Z] Command:       C:\Program Files\nodejs\node.exe C:\Users\ErikMora\AppData\Roaming\npm\node_modules\firebase-tools\lib\bin\firebase.js init
[debug] [2023-05-30T15:06:39.432Z] CLI Version:   12.2.1
[debug] [2023-05-30T15:06:39.433Z] Platform:      win32
[debug] [2023-05-30T15:06:39.434Z] Node Version:  v18.13.0
[debug] [2023-05-30T15:06:39.435Z] Time:          Tue May 30 2023 09:06:39 GMT-0600 (hora estándar central)
[debug] [2023-05-30T15:06:39.436Z] ----------------------------------------------------------------------
[debug] 
[debug] [2023-05-30T15:06:39.451Z] > command requires scopes: ["email","openid","https://www.googleapis.com/auth/cloudplatformprojects.readonly","https://www.googleapis.com/auth/firebase","https://www.googleapis.com/auth/cloud-platform"]
[debug] [2023-05-30T15:06:39.452Z] > authorizing via signed-in user (bmora.cursos@gmail.com)
[info] 
     ######## #### ########  ######## ########     ###     ######  ########
     ##        ##  ##     ## ##       ##     ##  ##   ##  ##       ##
     ######    ##  ########  ######   ########  #########  ######  ######
     ##        ##  ##    ##  ##       ##     ## ##     ##       ## ##
     ##       #### ##     ## ######## ########  ##     ##  ######  ########

You're about to initialize a Firebase project in this directory:

  C:\Users\ErikMora\Desktop\pruebas\portafolio

[info] 
=== Project Setup
[info] 
[info] First, let's associate this project directory with a Firebase project.
[info] You can create multiple project aliases by running firebase use --add, 
[info] but for now we'll just set up a default project.
[info] 
[debug] [2023-05-30T15:07:21.989Z] >>> [apiv2][query] GET https://firebase.googleapis.com/v1beta1/projects pageSize=100
[debug] [2023-05-30T15:07:22.775Z] <<< [apiv2][status] GET https://firebase.googleapis.com/v1beta1/projects 200
[debug] [2023-05-30T15:07:22.775Z] <<< [apiv2][body] GET https://firebase.googleapis.com/v1beta1/projects [omitted]
[info] i  Using project portafolio-b3c6c (portafolio) 
[info] 
=== Hosting Setup
[info] 
[info] Your public directory is the folder (relative to your project directory) that
[info] will contain Hosting assets to be uploaded with firebase deploy. If you
[info] have a build process for your assets, use your build's output directory.
[info] 
